2019-10-12 00:20:43.253 [main] INFO  com.wld.WldMainApplication - Starting WldMainApplication on PC-20190420DEYH with PID 10752 (F:\code\wanld-starter-backend\wld-main\target\classes started by Administrator in F:\code\wanld-starter-backend)
2019-10-12 00:20:43.283 [main] DEBUG com.wld.WldMainApplication - Running with Spring Boot v2.1.3.RELEASE, Spring v5.1.5.RELEASE
2019-10-12 00:20:43.283 [main] INFO  com.wld.WldMainApplication - The following profiles are active: dev
2019-10-12 00:20:47.661 [main] INFO  o.s.d.r.config.RepositoryConfigurationDelegate - Multiple Spring Data modules found, entering strict repository configuration mode!
2019-10-12 00:20:47.662 [main] INFO  o.s.d.r.config.RepositoryConfigurationDelegate - Bootstrapping Spring Data repositories in DEFAULT mode.
2019-10-12 00:20:47.911 [main] INFO  o.s.d.r.config.RepositoryConfigurationDelegate - Finished Spring Data repository scanning in 218ms. Found 20 repository interfaces.
2019-10-12 00:20:48.660 [main] INFO  o.s.c.s.PostProcessorRegistrationDelegate$BeanPostProcessorChecker - Bean 'org.springframework.transaction.annotation.ProxyTransactionManagementConfiguration' of type [org.springframework.transaction.annotation.ProxyTransactionManagementConfiguration$$EnhancerBySpringCGLIB$$80489f37] is not eligible for getting processed by all BeanPostProcessors (for example: not eligible for auto-proxying)
2019-10-12 00:20:49.001 [main] INFO  o.s.c.s.PostProcessorRegistrationDelegate$BeanPostProcessorChecker - Bean 'org.springframework.security.config.annotation.configuration.ObjectPostProcessorConfiguration' of type [org.springframework.security.config.annotation.configuration.ObjectPostProcessorConfiguration$$EnhancerBySpringCGLIB$$18f66771] is not eligible for getting processed by all BeanPostProcessors (for example: not eligible for auto-proxying)
2019-10-12 00:20:49.009 [main] INFO  o.s.c.s.PostProcessorRegistrationDelegate$BeanPostProcessorChecker - Bean 'objectPostProcessor' of type [org.springframework.security.config.annotation.configuration.AutowireBeanFactoryObjectPostProcessor] is not eligible for getting processed by all BeanPostProcessors (for example: not eligible for auto-proxying)
2019-10-12 00:20:49.015 [main] INFO  o.s.c.s.PostProcessorRegistrationDelegate$BeanPostProcessorChecker - Bean 'org.springframework.security.access.expression.method.DefaultMethodSecurityExpressionHandler@6579cdbb' of type [org.springframework.security.access.expression.method.DefaultMethodSecurityExpressionHandler] is not eligible for getting processed by all BeanPostProcessors (for example: not eligible for auto-proxying)
2019-10-12 00:20:49.019 [main] INFO  o.s.c.s.PostProcessorRegistrationDelegate$BeanPostProcessorChecker - Bean 'org.springframework.security.config.annotation.method.configuration.GlobalMethodSecurityConfiguration' of type [org.springframework.security.config.annotation.method.configuration.GlobalMethodSecurityConfiguration$$EnhancerBySpringCGLIB$$3dcb0a23] is not eligible for getting processed by all BeanPostProcessors (for example: not eligible for auto-proxying)
2019-10-12 00:20:49.030 [main] INFO  o.s.c.s.PostProcessorRegistrationDelegate$BeanPostProcessorChecker - Bean 'methodSecurityMetadataSource' of type [org.springframework.security.access.method.DelegatingMethodSecurityMetadataSource] is not eligible for getting processed by all BeanPostProcessors (for example: not eligible for auto-proxying)
2019-10-12 00:20:49.598 [main] ERROR org.apache.catalina.core.AprLifecycleListener - An incompatible version [1.2.12] of the APR based Apache Tomcat Native library is installed, while Tomcat requires version [1.2.14]
2019-10-12 00:20:49.890 [main] INFO  o.s.boot.web.embedded.tomcat.TomcatWebServer - Tomcat initialized with port(s): 8080 (http)
2019-10-12 00:20:49.923 [main] ERROR org.apache.catalina.core.AprLifecycleListener - An incompatible version [1.2.12] of the APR based Apache Tomcat Native library is installed, while Tomcat requires version [1.2.14]
2019-10-12 00:20:49.933 [main] INFO  org.apache.catalina.core.StandardService - Starting service [Tomcat]
2019-10-12 00:20:49.933 [main] INFO  org.apache.catalina.core.StandardEngine - Starting Servlet engine: [Apache Tomcat/9.0.16]
2019-10-12 00:20:49.943 [main] ERROR org.apache.catalina.core.AprLifecycleListener - An incompatible version [1.2.12] of the APR based Apache Tomcat Native library is installed, while Tomcat requires version [1.2.14]
2019-10-12 00:20:50.124 [main] INFO  o.a.c.core.ContainerBase.[Tomcat].[localhost].[/] - Initializing Spring embedded WebApplicationContext
2019-10-12 00:20:50.125 [main] INFO  org.springframework.web.context.ContextLoader - Root WebApplicationContext: initialization completed in 6757 ms
2019-10-12 00:20:51.359 [main] INFO  c.a.d.s.b.a.DruidDataSourceAutoConfigure - Init DruidDataSource
2019-10-12 00:20:52.045 [main] INFO  com.alibaba.druid.pool.DruidDataSource - {dataSource-1} inited
2019-10-12 00:20:53.079 [main] INFO  org.hibernate.jpa.internal.util.LogHelper - HHH000204: Processing PersistenceUnitInfo [
	name: default
	...]
2019-10-12 00:20:53.235 [main] INFO  org.hibernate.Version - HHH000412: Hibernate Core {5.3.7.Final}
2019-10-12 00:20:53.240 [main] INFO  org.hibernate.cfg.Environment - HHH000206: hibernate.properties not found
2019-10-12 00:20:53.641 [main] INFO  org.hibernate.annotations.common.Version - HCANN000001: Hibernate Commons Annotations {5.0.4.Final}
2019-10-12 00:20:54.037 [main] INFO  org.hibernate.dialect.Dialect - HHH000400: Using dialect: org.hibernate.dialect.MySQL5InnoDBDialect
2019-10-12 00:20:56.170 [main] INFO  o.s.orm.jpa.LocalContainerEntityManagerFactoryBean - Initialized JPA EntityManagerFactory for persistence unit 'default'
2019-10-12 00:20:57.202 [main] DEBUG c.wld.config.security.JwtAuthenticationTokenFilter - Filter 'jwtAuthenticationTokenFilter' configured for use
2019-10-12 00:20:57.456 [main] INFO  o.h.hql.internal.QueryTranslatorFactoryInitiator - HHH000397: Using ASTQueryTranslatorFactory
2019-10-12 00:20:59.783 [main] INFO  o.s.scheduling.concurrent.ThreadPoolTaskExecutor - Initializing ExecutorService 'clientInboundChannelExecutor'
2019-10-12 00:20:59.803 [main] INFO  o.s.scheduling.concurrent.ThreadPoolTaskExecutor - Initializing ExecutorService 'clientOutboundChannelExecutor'
2019-10-12 00:20:59.960 [main] INFO  org.dozer.config.GlobalSettings - Trying to find Dozer configuration file: dozer.properties
2019-10-12 00:20:59.992 [main] WARN  org.dozer.config.GlobalSettings - Dozer configuration file not found: dozer.properties.  Using defaults for all Dozer global properties.
2019-10-12 00:20:59.994 [main] INFO  org.dozer.DozerInitializer - Initializing Dozer. Version: 5.5.0, Thread Name: main
2019-10-12 00:20:59.996 [main] INFO  org.dozer.jmx.JMXPlatformImpl - Dozer JMX MBean [org.dozer.jmx:type=DozerStatisticsController] auto registered with the Platform MBean Server
2019-10-12 00:20:59.997 [main] INFO  org.dozer.jmx.JMXPlatformImpl - Dozer JMX MBean [org.dozer.jmx:type=DozerAdminController] auto registered with the Platform MBean Server
2019-10-12 00:20:59.998 [main] INFO  org.dozer.DozerBeanMapper - Initializing a new instance of dozer bean mapper.
2019-10-12 00:21:00.625 [main] INFO  o.s.b.actuate.endpoint.web.EndpointLinksResolver - Exposing 2 endpoint(s) beneath base path '/actuator'
2019-10-12 00:21:01.095 [main] INFO  io.lettuce.core.EpollProvider - Starting without optional epoll library
2019-10-12 00:21:01.097 [main] INFO  io.lettuce.core.KqueueProvider - Starting without optional kqueue library
2019-10-12 00:21:01.990 [main] INFO  s.d.s.w.PropertySourcedRequestMappingHandlerMapping - Mapped URL path [/v2/api-docs] onto method [public org.springframework.http.ResponseEntity<springfox.documentation.spring.web.json.Json> springfox.documentation.swagger2.web.Swagger2Controller.getDocumentation(java.lang.String,javax.servlet.http.HttpServletRequest)]
2019-10-12 00:21:02.523 [main] INFO  o.s.security.web.DefaultSecurityFilterChain - Creating filter chain: any request, [org.springframework.security.web.context.request.async.WebAsyncManagerIntegrationFilter@39bd07fe, org.springframework.security.web.context.SecurityContextPersistenceFilter@65d3a83, org.springframework.security.web.header.HeaderWriterFilter@365291bd, org.springframework.security.web.authentication.logout.LogoutFilter@4e6c703a, com.wld.config.security.JwtAuthenticationTokenFilter@7891742e, org.springframework.security.web.savedrequest.RequestCacheAwareFilter@73ac7716, org.springframework.security.web.servletapi.SecurityContextHolderAwareRequestFilter@5a740449, org.springframework.security.web.authentication.AnonymousAuthenticationFilter@5ca896af, org.springframework.security.web.session.SessionManagementFilter@475753dd, org.springframework.security.web.access.ExceptionTranslationFilter@50b1dfab, org.springframework.security.web.access.intercept.FilterSecurityInterceptor@1252d480]
2019-10-12 00:21:02.568 [main] INFO  o.s.scheduling.concurrent.ThreadPoolTaskScheduler - Initializing ExecutorService 'messageBrokerTaskScheduler'
2019-10-12 00:21:02.676 [main] INFO  o.s.scheduling.concurrent.ThreadPoolTaskExecutor - Initializing ExecutorService 'brokerChannelExecutor'
2019-10-12 00:21:03.764 [main] INFO  s.d.s.web.plugins.DocumentationPluginsBootstrapper - Context refreshed
2019-10-12 00:21:03.831 [main] INFO  s.d.s.web.plugins.DocumentationPluginsBootstrapper - Found 1 custom documentation plugin(s)
2019-10-12 00:21:03.869 [main] INFO  s.d.spring.web.scanners.ApiListingReferenceScanner - Scanning for api listing references
2019-10-12 00:21:04.134 [main] INFO  s.d.s.w.r.operation.CachingOperationNameGenerator - Generating unique operation named: registerUsingPOST_1
2019-10-12 00:21:04.147 [main] INFO  s.d.s.w.r.operation.CachingOperationNameGenerator - Generating unique operation named: deleteUsingPOST_1
2019-10-12 00:21:04.168 [main] INFO  s.d.s.w.r.operation.CachingOperationNameGenerator - Generating unique operation named: registerUsingPOST_2
2019-10-12 00:21:04.170 [main] INFO  s.d.s.w.r.operation.CachingOperationNameGenerator - Generating unique operation named: updateUsingPOST_1
2019-10-12 00:21:04.184 [main] INFO  s.d.s.w.r.operation.CachingOperationNameGenerator - Generating unique operation named: registerUsingPOST_3
2019-10-12 00:21:04.186 [main] INFO  s.d.s.w.r.operation.CachingOperationNameGenerator - Generating unique operation named: updateUsingPOST_2
2019-10-12 00:21:04.196 [main] INFO  s.d.s.w.r.operation.CachingOperationNameGenerator - Generating unique operation named: registerOneUsingPOST_1
2019-10-12 00:21:04.199 [main] INFO  s.d.s.w.r.operation.CachingOperationNameGenerator - Generating unique operation named: deleteUsingPOST_2
2019-10-12 00:21:04.213 [main] INFO  s.d.s.w.r.operation.CachingOperationNameGenerator - Generating unique operation named: registerUsingPOST_4
2019-10-12 00:21:04.215 [main] INFO  s.d.s.w.r.operation.CachingOperationNameGenerator - Generating unique operation named: updateUsingPOST_3
2019-10-12 00:21:04.228 [main] INFO  s.d.s.w.r.operation.CachingOperationNameGenerator - Generating unique operation named: deleteUsingPOST_3
2019-10-12 00:21:04.241 [main] INFO  s.d.s.w.r.operation.CachingOperationNameGenerator - Generating unique operation named: updateUsingPOST_4
2019-10-12 00:21:04.245 [main] INFO  s.d.s.w.r.operation.CachingOperationNameGenerator - Generating unique operation named: createUsingPOST_1
2019-10-12 00:21:04.246 [main] INFO  s.d.s.w.r.operation.CachingOperationNameGenerator - Generating unique operation named: deleteUsingPOST_4
2019-10-12 00:21:04.250 [main] INFO  s.d.s.w.r.operation.CachingOperationNameGenerator - Generating unique operation named: listUsingGET_1
2019-10-12 00:21:04.252 [main] INFO  s.d.s.w.r.operation.CachingOperationNameGenerator - Generating unique operation named: updateUsingPOST_5
2019-10-12 00:21:04.261 [main] INFO  s.d.s.w.r.operation.CachingOperationNameGenerator - Generating unique operation named: createUsingPOST_2
2019-10-12 00:21:04.262 [main] INFO  s.d.s.w.r.operation.CachingOperationNameGenerator - Generating unique operation named: deleteUsingPOST_5
2019-10-12 00:21:04.265 [main] INFO  s.d.s.w.r.operation.CachingOperationNameGenerator - Generating unique operation named: updateUsingPOST_6
2019-10-12 00:21:04.278 [main] INFO  s.d.s.w.r.operation.CachingOperationNameGenerator - Generating unique operation named: createUsingPOST_3
2019-10-12 00:21:04.302 [main] INFO  s.d.s.w.r.operation.CachingOperationNameGenerator - Generating unique operation named: detailUsingGET_1
2019-10-12 00:21:04.305 [main] INFO  s.d.s.w.r.operation.CachingOperationNameGenerator - Generating unique operation named: reviewUsingPOST_1
2019-10-12 00:21:04.308 [main] INFO  s.d.s.w.r.operation.CachingOperationNameGenerator - Generating unique operation named: deleteUsingPOST_6
2019-10-12 00:21:04.323 [main] INFO  s.d.s.w.r.operation.CachingOperationNameGenerator - Generating unique operation named: listUsingGET_2
2019-10-12 00:21:04.329 [main] INFO  s.d.s.w.r.operation.CachingOperationNameGenerator - Generating unique operation named: updateUsingPOST_7
2019-10-12 00:21:04.894 [main] INFO  o.s.m.simp.broker.SimpleBrokerMessageHandler - Starting...
2019-10-12 00:21:04.894 [main] INFO  o.s.m.simp.broker.SimpleBrokerMessageHandler - BrokerAvailabilityEvent[available=true, SimpleBrokerMessageHandler [DefaultSubscriptionRegistry[cache[0 destination(s)], registry[0 sessions]]]]
2019-10-12 00:21:04.895 [main] INFO  o.s.m.simp.broker.SimpleBrokerMessageHandler - Started.
2019-10-12 00:21:04.969 [main] INFO  o.s.boot.web.embedded.tomcat.TomcatWebServer - Tomcat started on port(s): 8080 (http) with context path ''
2019-10-12 00:21:04.972 [main] INFO  com.wld.WldMainApplication - Started WldMainApplication in 23.265 seconds (JVM running for 24.97)
2019-10-12 00:21:06.531 [RMI TCP Connection(5)-192.168.56.1] INFO  o.a.c.core.ContainerBase.[Tomcat].[localhost].[/] - Initializing Spring DispatcherServlet 'dispatcherServlet'
2019-10-12 00:21:06.531 [RMI TCP Connection(5)-192.168.56.1] INFO  org.springframework.web.servlet.DispatcherServlet - Initializing Servlet 'dispatcherServlet'
2019-10-12 00:21:06.579 [RMI TCP Connection(5)-192.168.56.1] INFO  org.springframework.web.servlet.DispatcherServlet - Completed initialization in 48 ms
2019-10-12 00:22:02.677 [MessageBroker-2] INFO  o.s.web.socket.config.WebSocketMessageBrokerStats - WebSocketSession[0 current WS(0)-HttpStream(0)-HttpPoll(0), 0 total, 0 closed abnormally (0 connect failure, 0 send limit, 0 transport error)], stompSubProtocol[processed CONNECT(0)-CONNECTED(0)-DISCONNECT(0)], stompBrokerRelay[null], inboundChannel[pool size = 0, active threads = 0, queued tasks = 0, completed tasks = 0], outboundChannel[pool size = 0, active threads = 0, queued tasks = 0, completed tasks = 0], sockJsScheduler[pool size = 3, active threads = 1, queued tasks = 1, completed tasks = 1]
